#
# A fatal error has been detected by the Java Runtime Environment:
#
#  EXCEPTION_ACCESS_VIOLATION (0xc0000005) at pc=0x617493cd, pid=11424, tid=0x00000948
#
# JRE version: Java(TM) SE Runtime Environment (8.0_92-b14) (build 1.8.0_92-b14)
# Java VM: Java HotSpot(TM) Client VM (25.92-b14 mixed mode windows-x86 )
# Problematic frame:
# C  [listSerialsj.dll+0x93cd]
#
# Failed to write core dump. Minidumps are not enabled by default on client versions of Windows
#
# If you would like to submit a bug report, please visit:
#   http://bugreport.java.com/bugreport/crash.jsp
# The crash happened outside the Java Virtual Machine in native code.
# See problematic frame for where to report the bug.
#

---------------  T H R E A D  ---------------

Current thread (0x278db000):  JavaThread "cc.arduino.packages.discoverers.serial.SerialBoardsLister" [_thread_in_native, id=2376, stack(0x28280000,0x282d0000)]

siginfo: ExceptionCode=0xc0000005, writing address 0x00000000

Registers:
EAX=0x00000000, EBX=0x00000854, ECX=0x00000000, EDX=0x00000001
ESP=0x282cec70, EBP=0x282cf0c8, ESI=0x00000002, EDI=0x0142f510
EIP=0x617493cd, EFLAGS=0x00010246

Top of Stack: (sp=0x282cec70)
0x282cec70:   01567658 0000002e 00000002 00000000
0x282cec80:   00000003 00000000 00000000 00000000
0x282cec90:   282cec90 282cec94 0000006c 769aa540
0x282ceca0:   0156e7b0 00000000 01430390 00000034
0x282cecb0:   282cecc4 282cecec 00000048 00000002
0x282cecc0:   00000001 0000006c 0000006f 0000008e
0x282cecd0:   008e6d28 00000000 394d4f43 002cec00
0x282cece0:   00425355 282ced00 286285d2 282ced34 

Instructions: (pc=0x617493cd)
0x617493ad:   8b 45 08 8b 90 94 00 00 00 85 d2 74 16 8b 40 2c
0x617493bd:   c7 44 24 04 2e 00 00 00 89 04 24 e8 73 14 00 00
0x617493cd:   c6 00 00 8d 85 04 fc ff ff 89 44 24 18 8d 85 0a
0x617493dd:   fc ff ff 89 44 24 10 a1 e4 01 75 61 c7 85 04 fc 


Register to memory mapping:

EAX=0x00000000 is an unknown value
EBX=0x00000854 is an unknown value
ECX=0x00000000 is an unknown value
EDX=0x00000001 is an unknown value
ESP=0x282cec70 is pointing into the stack for thread: 0x278db000
EBP=0x282cf0c8 is pointing into the stack for thread: 0x278db000
ESI=0x00000002 is an unknown value
EDI=0x0142f510 is an unknown value


Stack: [0x28280000,0x282d0000],  sp=0x282cec70,  free space=315k
Native frames: (J=compiled Java code, j=interpreted, Vv=VM code, C=native code)
C  [listSerialsj.dll+0x93cd]
C  [listSerialsj.dll+0x2211]

Java frames: (J=compiled Java code, j=interpreted, Vv=VM code)
j  processing.app.Platform.listSerialsNative()[Ljava/lang/String;+0
j  processing.app.Platform.listSerials()Ljava/util/List;+5
j  cc.arduino.packages.discoverers.serial.SerialBoardsLister.retriggerDiscovery(Z)V+22
j  cc.arduino.packages.discoverers.serial.SerialBoardsLister.run()V+9
j  java.util.TimerThread.mainLoop()V+221
j  java.util.TimerThread.run()V+1
v  ~StubRoutines::call_stub

---------------  P R O C E S S  ---------------

Java Threads: ( => current thread )
  0x27de3000 JavaThread "Thread-44" [_thread_blocked, id=10288, stack(0x26d40000,0x26d90000)]
  0x27de6c00 JavaThread "Timer-1" [_thread_blocked, id=5796, stack(0x01310000,0x01360000)]
  0x27de4800 JavaThread "JmDNS(Alexandru.local.).Timer" daemon [_thread_blocked, id=8356, stack(0x29c00000,0x29c50000)]
  0x27de4000 JavaThread "JmDNS(Alexandru.local.).State.Timer" [_thread_blocked, id=6960, stack(0x29b70000,0x29bc0000)]
  0x27de8800 JavaThread "JmDNS(Alexandru.local.).Timer" daemon [_thread_blocked, id=5444, stack(0x29ae0000,0x29b30000)]
  0x27de2800 JavaThread "SocketListener(Alexandru.local.)" daemon [_thread_in_native, id=9116, stack(0x29a50000,0x29aa0000)]
  0x27de8000 JavaThread "JmDNS(Alexandru.local.).Timer" daemon [_thread_blocked, id=9576, stack(0x299c0000,0x29a10000)]
  0x27de6000 JavaThread "JmDNS(Alexandru.local.).State.Timer" [_thread_blocked, id=6808, stack(0x29930000,0x29980000)]
  0x27de5c00 JavaThread "JmDNS(Alexandru.local.).Timer" daemon [_thread_blocked, id=11280, stack(0x298a0000,0x298f0000)]
  0x27de9800 JavaThread "SocketListener(Alexandru.local.)" daemon [_thread_in_native, id=5728, stack(0x29680000,0x296d0000)]
  0x27de5400 JavaThread "JmDNS(Alexandru.local.).Timer" daemon [_thread_blocked, id=9160, stack(0x28430000,0x28480000)]
  0x27de7400 JavaThread "JmDNS(Alexandru.local.).State.Timer" [_thread_blocked, id=10676, stack(0x25a40000,0x25a90000)]
  0x27de7c00 JavaThread "JmDNS(Alexandru.local.).Timer" daemon [_thread_blocked, id=6376, stack(0x02f30000,0x02f80000)]
  0x27de8c00 JavaThread "SocketListener(Alexandru.local.)" daemon [_thread_in_native, id=8928, stack(0x02c90000,0x02ce0000)]
  0x27de9400 JavaThread "DestroyJavaVM" [_thread_blocked, id=7344, stack(0x02ce0000,0x02d30000)]
  0x27af3400 JavaThread "Timer-0" [_thread_blocked, id=12016, stack(0x29710000,0x29760000)]
  0x27af6400 JavaThread "JmDNS(Alexandru.local.).Timer" daemon [_thread_blocked, id=8528, stack(0x295f0000,0x29640000)]
  0x27af4000 JavaThread "JmDNS(Alexandru.local.).State.Timer" [_thread_blocked, id=9868, stack(0x29560000,0x295b0000)]
  0x27af5000 JavaThread "JmDNS(Alexandru.local.).Timer" daemon [_thread_blocked, id=11912, stack(0x294d0000,0x29520000)]
  0x27af3800 JavaThread "SocketListener(Alexandru.local.)" daemon [_thread_in_native, id=4608, stack(0x29440000,0x29490000)]
  0x27af4400 JavaThread "TimerQueue" daemon [_thread_blocked, id=8212, stack(0x293b0000,0x29400000)]
  0x27a96400 JavaThread "Batik CleanerThread" daemon [_thread_blocked, id=3816, stack(0x28a60000,0x28ab0000)]
  0x27970c00 JavaThread "AWT-EventQueue-0" [_thread_blocked, id=2304, stack(0x286a0000,0x286f0000)]
  0x27974000 JavaThread "AWT-Shutdown" [_thread_blocked, id=108, stack(0x268d0000,0x26920000)]
  0x278dc400 JavaThread "cc.arduino.packages.discoverers.network.BoardReachabilityFilter" [_thread_blocked, id=9720, stack(0x283a0000,0x283f0000)]
  0x278db400 JavaThread "cc.arduino.packages.discoverers.network.NetworkChecker" [_thread_blocked, id=1944, stack(0x28310000,0x28360000)]
=>0x278db000 JavaThread "cc.arduino.packages.discoverers.serial.SerialBoardsLister" [_thread_in_native, id=2376, stack(0x28280000,0x282d0000)]
  0x26457400 JavaThread "AWT-Windows" daemon [_thread_in_native, id=8844, stack(0x26960000,0x269b0000)]
  0x26456400 JavaThread "Java2D Disposer" daemon [_thread_blocked, id=1424, stack(0x26840000,0x26890000)]
  0x25e2d400 JavaThread "Service Thread" daemon [_thread_blocked, id=11488, stack(0x26230000,0x26280000)]
  0x25e11800 JavaThread "C1 CompilerThread0" daemon [_thread_blocked, id=11892, stack(0x261a0000,0x261f0000)]
  0x25e10c00 JavaThread "Attach Listener" daemon [_thread_blocked, id=2096, stack(0x26110000,0x26160000)]
  0x25e0d000 JavaThread "Signal Dispatcher" daemon [_thread_blocked, id=11928, stack(0x25980000,0x259d0000)]
  0x25dfb000 JavaThread "Finalizer" daemon [_thread_blocked, id=5944, stack(0x258f0000,0x25940000)]
  0x25de4800 JavaThread "Reference Handler" daemon [_thread_blocked, id=840, stack(0x25860000,0x258b0000)]

Other Threads:
  0x02e7dc00 VMThread [stack: 0x051a0000,0x051f0000] [id=7228]
  0x25e3fc00 WatcherThread [stack: 0x262c0000,0x26310000] [id=7732]

VM state:not at safepoint (normal execution)

VM Mutex/Monitor currently owned by a thread: None

Heap:
 def new generation   total 39424K, used 7341K [0x05200000, 0x07cc0000, 0x0fca0000)
  eden space 35072K,   9% used [0x05200000, 0x05518248, 0x07440000)
  from space 4352K,  95% used [0x07880000, 0x07c93418, 0x07cc0000)
  to   space 4352K,   0% used [0x07440000, 0x07440000, 0x07880000)
 tenured generation   total 87424K, used 27150K [0x0fca0000, 0x15200000, 0x25200000)
   the space 87424K,  31% used [0x0fca0000, 0x11723960, 0x11723a00, 0x15200000)
 Metaspace       used 19525K, capacity 20011K, committed 20096K, reserved 20864K

Card table byte_map: [0x25200000,0x25310000] byte_map_base: 0x251d7000

Polling page: 0x02d30000

CodeCache: size=32768Kb used=3674Kb max_used=3674Kb free=29093Kb
 bounds [0x030b0000, 0x03448000, 0x050b0000]
 total_blobs=2339 nmethods=2063 adapters=205
 compilation: enabled

Compilation events (10 events):
Event: 71.371 Thread 0x25e11800 2095             sun.awt.SunToolkit::postEvent (157 bytes)
Event: 71.374 Thread 0x25e11800 nmethod 2095 0x03444208 code [0x03444430, 0x03444e14]
Event: 71.374 Thread 0x25e11800 2096   !         java.awt.EventQueue::wakeup (79 bytes)
Event: 71.375 Thread 0x25e11800 nmethod 2096 0x034457c8 code [0x03445930, 0x03445b90]
Event: 72.454 Thread 0x25e11800 2097             java.lang.reflect.Field::setBoolean (52 bytes)
Event: 72.455 Thread 0x25e11800 nmethod 2097 0x03445ec8 code [0x03446000, 0x0344618c]
Event: 72.578 Thread 0x25e11800 2101             java.awt.event.MouseEvent::getX (5 bytes)
Event: 72.578 Thread 0x25e11800 nmethod 2101 0x03446a48 code [0x03446b40, 0x03446bc0]
Event: 72.580 Thread 0x25e11800 2102             java.awt.event.MouseEvent::getY (5 bytes)
Event: 72.580 Thread 0x25e11800 nmethod 2102 0x03446c08 code [0x03446d00, 0x03446d80]

GC Heap History (10 events):
Event: 1.062 GC heap before
{Heap before GC invocations=1 (full 0):
 def new generation   total 39296K, used 39296K [0x05200000, 0x07ca0000, 0x0fca0000)
  eden space 34944K, 100% used [0x05200000, 0x07420000, 0x07420000)
  from space 4352K, 100% used [0x07860000, 0x07ca0000, 0x07ca0000)
  to   space 4352K,   0% used [0x07420000, 0x07420000, 0x07860000)
 tenured generation   total 87424K, used 2797K [0x0fca0000, 0x15200000, 0x25200000)
   the space 87424K,   3% used [0x0fca0000, 0x0ff5b468, 0x0ff5b600, 0x15200000)
 Metaspace       used 10977K, capacity 11322K, committed 11392K, reserved 11648K
Event: 1.085 GC heap after
Heap after GC invocations=2 (full 0):
 def new generation   total 39296K, used 4352K [0x05200000, 0x07ca0000, 0x0fca0000)
  eden space 34944K,   0% used [0x05200000, 0x05200000, 0x07420000)
  from space 4352K, 100% used [0x07420000, 0x07860000, 0x07860000)
  to   space 4352K,   0% used [0x07860000, 0x07860000, 0x07ca0000)
 tenured generation   total 87424K, used 10009K [0x0fca0000, 0x15200000, 0x25200000)
   the space 87424K,  11% used [0x0fca0000, 0x106667b8, 0x10666800, 0x15200000)
 Metaspace       used 10977K, capacity 11322K, committed 11392K, reserved 11648K
}
Event: 1.265 GC heap before
{Heap before GC invocations=2 (full 0):
 def new generation   total 39296K, used 18877K [0x05200000, 0x07ca0000, 0x0fca0000)
  eden space 34944K,  41% used [0x05200000, 0x0602f590, 0x07420000)
  from space 4352K, 100% used [0x07420000, 0x07860000, 0x07860000)
  to   space 4352K,   0% used [0x07860000, 0x07860000, 0x07ca0000)
 tenured generation   total 87424K, used 10009K [0x0fca0000, 0x15200000, 0x25200000)
   the space 87424K,  11% used [0x0fca0000, 0x106667b8, 0x10666800, 0x15200000)
 Metaspace       used 11905K, capacity 12265K, committed 12288K, reserved 12672K
Event: 1.308 GC heap after
Heap after GC invocations=3 (full 1):
 def new generation   total 39424K, used 0K [0x05200000, 0x07cc0000, 0x0fca0000)
  eden space 35072K,   0% used [0x05200000, 0x05200000, 0x07440000)
  from space 4352K,   0% used [0x07440000, 0x07440000, 0x07880000)
  to   space 4352K,   0% used [0x07880000, 0x07880000, 0x07cc0000)
 tenured generation   total 87424K, used 15759K [0x0fca0000, 0x15200000, 0x25200000)
   the space 87424K,  18% used [0x0fca0000, 0x10c03e30, 0x10c04000, 0x15200000)
 Metaspace       used 11905K, capacity 12265K, committed 12288K, reserved 12672K
}
Event: 2.153 GC heap before
{Heap before GC invocations=3 (full 1):
 def new generation   total 39424K, used 35072K [0x05200000, 0x07cc0000, 0x0fca0000)
  eden space 35072K, 100% used [0x05200000, 0x07440000, 0x07440000)
  from space 4352K,   0% used [0x07440000, 0x07440000, 0x07880000)
  to   space 4352K,   0% used [0x07880000, 0x07880000, 0x07cc0000)
 tenured generation   total 87424K, used 15759K [0x0fca0000, 0x15200000, 0x25200000)
   the space 87424K,  18% used [0x0fca0000, 0x10c03e30, 0x10c04000, 0x15200000)
 Metaspace       used 17014K, capacity 17438K, committed 17536K, reserved 17792K
Event: 2.166 GC heap after
Heap after GC invocations=4 (full 1):
 def new generation   total 39424K, used 4352K [0x05200000, 0x07cc0000, 0x0fca0000)
  eden space 35072K,   0% used [0x05200000, 0x05200000, 0x07440000)
  from space 4352K, 100% used [0x07880000, 0x07cc0000, 0x07cc0000)
  to   space 4352K,   0% used [0x07440000, 0x07440000, 0x07880000)
 tenured generation   total 87424K, used 17830K [0x0fca0000, 0x15200000, 0x25200000)
   the space 87424K,  20% used [0x0fca0000, 0x10e09ba0, 0x10e09c00, 0x15200000)
 Metaspace       used 17014K, capacity 17438K, committed 17536K, reserved 17792K
}
Event: 62.752 GC heap before
{Heap before GC invocations=4 (full 1):
 def new generation   total 39424K, used 39424K [0x05200000, 0x07cc0000, 0x0fca0000)
  eden space 35072K, 100% used [0x05200000, 0x07440000, 0x07440000)
  from space 4352K, 100% used [0x07880000, 0x07cc0000, 0x07cc0000)
  to   space 4352K,   0% used [0x07440000, 0x07440000, 0x07880000)
 tenured generation   total 87424K, used 17830K [0x0fca0000, 0x15200000, 0x25200000)
   the space 87424K,  20% used [0x0fca0000, 0x10e09ba0, 0x10e09c00, 0x15200000)
 Metaspace       used 17898K, capacity 18363K, committed 18432K, reserved 18816K
Event: 62.773 GC heap after
Heap after GC invocations=5 (full 1):
 def new generation   total 39424K, used 4352K [0x05200000, 0x07cc0000, 0x0fca0000)
  eden space 35072K,   0% used [0x05200000, 0x05200000, 0x07440000)
  from space 4352K, 100% used [0x07440000, 0x07880000, 0x07880000)
  to   space 4352K,   0% used [0x07880000, 0x07880000, 0x07cc0000)
 tenured generation   total 87424K, used 22838K [0x0fca0000, 0x15200000, 0x25200000)
   the space 87424K,  26% used [0x0fca0000, 0x112ed828, 0x112eda00, 0x15200000)
 Metaspace       used 17898K, capacity 18363K, committed 18432K, reserved 18816K
}
Event: 70.960 GC heap before
{Heap before GC invocations=5 (full 1):
 def new generation   total 39424K, used 39424K [0x05200000, 0x07cc0000, 0x0fca0000)
  eden space 35072K, 100% used [0x05200000, 0x07440000, 0x07440000)
  from space 4352K, 100% used [0x07440000, 0x07880000, 0x07880000)
  to   space 4352K,   0% used [0x07880000, 0x07880000, 0x07cc0000)
 tenured generation   total 87424K, used 22838K [0x0fca0000, 0x15200000, 0x25200000)
   the space 87424K,  26% used [0x0fca0000, 0x112ed828, 0x112eda00, 0x15200000)
 Metaspace       used 19525K, capacity 20011K, committed 20096K, reserved 20864K
Event: 70.972 GC heap after
Heap after GC invocations=6 (full 1):
 def new generation   total 39424K, used 4173K [0x05200000, 0x07cc0000, 0x0fca0000)
  eden space 35072K,   0% used [0x05200000, 0x05200000, 0x07440000)
  from space 4352K,  95% used [0x07880000, 0x07c93418, 0x07cc0000)
  to   space 4352K,   0% used [0x07440000, 0x07440000, 0x07880000)
 tenured generation   total 87424K, used 27150K [0x0fca0000, 0x15200000, 0x25200000)
   the space 87424K,  31% used [0x0fca0000, 0x11723960, 0x11723a00, 0x15200000)
 Metaspace       used 19525K, capacity 20011K, committed 20096K, reserved 20864K
}

Deoptimization events (0 events):
No events

Internal exceptions (10 events):
Event: 71.000 Thread 0x27de3400 Exception <a 'sun/nio/fs/WindowsException'> (0x054404d8) thrown at [C:\workspace\8-2-build-windows-i586-cygwin\jdk8u92\6642\hotspot\src\share\vm\prims\jni.cpp, line 709]
Event: 71.000 Thread 0x27de3400 Exception <a 'sun/nio/fs/WindowsException'> (0x05440be8) thrown at [C:\workspace\8-2-build-windows-i586-cygwin\jdk8u92\6642\hotspot\src\share\vm\prims\jni.cpp, line 709]
Event: 71.001 Thread 0x27de3400 Exception <a 'sun/nio/fs/WindowsException'> (0x0544c278) thrown at [C:\workspace\8-2-build-windows-i586-cygwin\jdk8u92\6642\hotspot\src\share\vm\prims\jni.cpp, line 709]
Event: 71.001 Thread 0x27de3400 Exception <a 'sun/nio/fs/WindowsException'> (0x0544c8f8) thrown at [C:\workspace\8-2-build-windows-i586-cygwin\jdk8u92\6642\hotspot\src\share\vm\prims\jni.cpp, line 709]
Event: 71.001 Thread 0x27de3400 Exception <a 'sun/nio/fs/WindowsException'> (0x05458f18) thrown at [C:\workspace\8-2-build-windows-i586-cygwin\jdk8u92\6642\hotspot\src\share\vm\prims\jni.cpp, line 709]
Event: 71.001 Thread 0x27de3400 Exception <a 'sun/nio/fs/WindowsException'> (0x054594a8) thrown at [C:\workspace\8-2-build-windows-i586-cygwin\jdk8u92\6642\hotspot\src\share\vm\prims\jni.cpp, line 709]
Event: 71.002 Thread 0x27de3400 Exception <a 'sun/nio/fs/WindowsException'> (0x05464528) thrown at [C:\workspace\8-2-build-windows-i586-cygwin\jdk8u92\6642\hotspot\src\share\vm\prims\jni.cpp, line 709]
Event: 71.002 Thread 0x27de3400 Exception <a 'sun/nio/fs/WindowsException'> (0x05464b20) thrown at [C:\workspace\8-2-build-windows-i586-cygwin\jdk8u92\6642\hotspot\src\share\vm\prims\jni.cpp, line 709]
Event: 71.003 Thread 0x27de3400 Exception <a 'sun/nio/fs/WindowsException'> (0x05471008) thrown at [C:\workspace\8-2-build-windows-i586-cygwin\jdk8u92\6642\hotspot\src\share\vm\prims\jni.cpp, line 709]
Event: 71.003 Thread 0x27de3400 Exception <a 'sun/nio/fs/WindowsException'> (0x054715e8) thrown at [C:\workspace\8-2-build-windows-i586-cygwin\jdk8u92\6642\hotspot\src\share\vm\prims\jni.cpp, line 709]

Events (10 events):
Event: 70.976 Executing VM operation: RevokeBias
Event: 70.976 Executing VM operation: RevokeBias done
Event: 71.011 Executing VM operation: RevokeBias
Event: 71.011 Executing VM operation: RevokeBias done
Event: 71.011 Thread 0x27de3400 Thread exited: 0x27de3400
Event: 72.628 Executing VM operation: RevokeBias
Event: 72.628 Executing VM operation: RevokeBias done
Event: 72.629 Executing VM operation: RevokeBias
Event: 72.629 Executing VM operation: RevokeBias done
Event: 72.629 Thread 0x27de6800 Thread exited: 0x27de6800


Dynamic libraries:
0x00060000 - 0x00093000 	C:\Program Files (x86)\Arduino\java\bin\javaw.exe
0x770f0000 - 0x77273000 	C:\WINDOWS\SYSTEM32\ntdll.dll
0x76e80000 - 0x76f60000 	C:\WINDOWS\System32\KERNEL32.DLL
0x74700000 - 0x748a1000 	C:\WINDOWS\System32\KERNELBASE.dll
0x73d90000 - 0x73e07000 	C:\WINDOWS\System32\ADVAPI32.dll
0x73cd0000 - 0x73d8e000 	C:\WINDOWS\System32\msvcrt.dll
0x76040000 - 0x76081000 	C:\WINDOWS\System32\sechost.dll
0x74620000 - 0x746e1000 	C:\WINDOWS\System32\RPCRT4.dll
0x73bb0000 - 0x73bce000 	C:\WINDOWS\System32\SspiCli.dll
0x73ba0000 - 0x73baa000 	C:\WINDOWS\System32\CRYPTBASE.dll
0x73e10000 - 0x73e6a000 	C:\WINDOWS\System32\bcryptPrimitives.dll
0x75e30000 - 0x75f8f000 	C:\WINDOWS\System32\USER32.dll
0x76940000 - 0x76955000 	C:\WINDOWS\System32\win32u.dll
0x76910000 - 0x7693b000 	C:\WINDOWS\System32\GDI32.dll
0x767b0000 - 0x7690b000 	C:\WINDOWS\System32\gdi32full.dll
0x6e4a0000 - 0x6e6aa000 	C:\WINDOWS\WinSxS\x86_microsoft.windows.common-controls_6595b64144ccf1df_6.0.14393.953_none_89c2555adb023171\COMCTL32.dll
0x76590000 - 0x767a1000 	C:\WINDOWS\System32\combase.dll
0x76f60000 - 0x77040000 	C:\WINDOWS\System32\ucrtbase.dll
0x74560000 - 0x74585000 	C:\WINDOWS\System32\IMM32.DLL
0x6cf00000 - 0x6cfbf000 	C:\Program Files (x86)\Arduino\java\bin\msvcr100.dll
0x5ed30000 - 0x5f0fb000 	C:\Program Files (x86)\Arduino\java\bin\client\jvm.dll
0x761d0000 - 0x761d6000 	C:\WINDOWS\System32\PSAPI.DLL
0x6ec60000 - 0x6ec68000 	C:\WINDOWS\SYSTEM32\WSOCK32.dll
0x73b30000 - 0x73b38000 	C:\WINDOWS\SYSTEM32\VERSION.dll
0x6df80000 - 0x6dfa4000 	C:\WINDOWS\SYSTEM32\WINMM.dll
0x761e0000 - 0x76243000 	C:\WINDOWS\System32\WS2_32.dll
0x6dd90000 - 0x6ddb3000 	C:\WINDOWS\SYSTEM32\WINMMBASE.dll
0x76260000 - 0x76296000 	C:\WINDOWS\System32\cfgmgr32.dll
0x6cec0000 - 0x6cef1000 	C:\Program Files (x86)\Arduino\java\bin\splashscreen.dll
0x6eac0000 - 0x6eb35000 	C:\WINDOWS\system32\uxtheme.dll
0x6eb60000 - 0x6eb6c000 	C:\Program Files (x86)\Arduino\java\bin\verify.dll
0x6ce90000 - 0x6ceb1000 	C:\Program Files (x86)\Arduino\java\bin\java.dll
0x748b0000 - 0x749e5000 	C:\WINDOWS\System32\MSCTF.dll
0x76d90000 - 0x76e24000 	C:\WINDOWS\System32\OLEAUT32.dll
0x76510000 - 0x7658b000 	C:\WINDOWS\System32\msvcp_win.dll
0x6d220000 - 0x6d261000 	C:\Program Files (x86)\TeamViewer\tv_w32.dll
0x74a50000 - 0x75e28000 	C:\WINDOWS\System32\SHELL32.dll
0x73ff0000 - 0x7455e000 	C:\WINDOWS\System32\windows.storage.dll
0x76e30000 - 0x76e75000 	C:\WINDOWS\System32\powrprof.dll
0x76180000 - 0x761c6000 	C:\WINDOWS\System32\shlwapi.dll
0x75fa0000 - 0x75fad000 	C:\WINDOWS\System32\kernel.appcore.dll
0x74590000 - 0x74618000 	C:\WINDOWS\System32\shcore.dll
0x73cc0000 - 0x73ccf000 	C:\WINDOWS\System32\profapi.dll
0x76090000 - 0x7617b000 	C:\WINDOWS\System32\ole32.dll
0x6eb40000 - 0x6eb53000 	C:\Program Files (x86)\Arduino\java\bin\zip.dll
0x62820000 - 0x62965000 	C:\Program Files (x86)\Arduino\java\bin\awt.dll
0x6e700000 - 0x6e792000 	C:\WINDOWS\SYSTEM32\apphelp.dll
0x6d5b0000 - 0x6d5cf000 	C:\WINDOWS\system32\dwmapi.dll
0x61740000 - 0x6176c000 	C:\Program Files (x86)\Arduino\lib\listSerialsj.dll
0x76980000 - 0x76d8b000 	C:\WINDOWS\System32\SETUPAPI.dll
0x75fb0000 - 0x76034000 	C:\WINDOWS\System32\clbcatq.dll
0x72bc0000 - 0x72bd3000 	C:\WINDOWS\SYSTEM32\CRYPTSP.dll
0x718d0000 - 0x718ff000 	C:\WINDOWS\system32\rsaenh.dll
0x72ea0000 - 0x72ebb000 	C:\WINDOWS\SYSTEM32\bcrypt.dll
0x73b00000 - 0x73b1a000 	C:\WINDOWS\SYSTEM32\USERENV.dll
0x6ce70000 - 0x6ce86000 	C:\Program Files (x86)\Arduino\java\bin\net.dll
0x72d10000 - 0x72d5e000 	C:\WINDOWS\system32\mswsock.dll
0x72c40000 - 0x72c6f000 	C:\WINDOWS\SYSTEM32\IPHLPAPI.DLL
0x75f90000 - 0x75f97000 	C:\WINDOWS\System32\NSI.dll
0x70870000 - 0x70883000 	C:\WINDOWS\SYSTEM32\dhcpcsvc6.DLL
0x70850000 - 0x70864000 	C:\WINDOWS\SYSTEM32\dhcpcsvc.DLL
0x6e7a0000 - 0x6e7af000 	C:\Program Files (x86)\Arduino\java\bin\nio.dll
0x27360000 - 0x2739d000 	C:\Users\Alexandru\AppData\Local\Temp\jna--30839095\jna7463662129214751904.dll
0x6ce30000 - 0x6ce69000 	C:\Program Files (x86)\Arduino\java\bin\fontmanager.dll
0x6cdf0000 - 0x6ce22000 	C:\Program Files (x86)\Arduino\java\bin\t2k.dll
0x718a0000 - 0x718c2000 	C:\WINDOWS\SYSTEM32\DEVOBJ.dll
0x770a0000 - 0x770e4000 	C:\WINDOWS\System32\WINTRUST.dll
0x746f0000 - 0x746fe000 	C:\WINDOWS\System32\MSASN1.dll
0x73e70000 - 0x73fed000 	C:\WINDOWS\System32\CRYPT32.dll
0x70a30000 - 0x70aad000 	C:\WINDOWS\SYSTEM32\DNSAPI.dll
0x70a10000 - 0x70a18000 	C:\Windows\System32\rasadhlp.dll
0x709c0000 - 0x70a09000 	C:\WINDOWS\System32\fwpuclnt.dll
0x62710000 - 0x62779000 	C:\Program Files (x86)\Arduino\msvcp100.dll
0x62650000 - 0x6270e000 	C:\Program Files (x86)\Arduino\msvcr100.dll
0x28780000 - 0x287b2000 	C:\Program Files (x86)\Arduino\lib\AStylej.dll
0x627f0000 - 0x62814000 	C:\Program Files (x86)\Arduino\java\bin\dcpr.dll
0x6cbd0000 - 0x6cd3e000 	C:\WINDOWS\SYSTEM32\WindowsCodecs.dll
0x6cad0000 - 0x6cb14000 	C:\WINDOWS\system32\dataexchange.dll
0x6d7c0000 - 0x6d9f0000 	C:\WINDOWS\system32\d3d11.dll
0x6c530000 - 0x6c643000 	C:\WINDOWS\system32\dcomp.dll
0x6d730000 - 0x6d7b3000 	C:\WINDOWS\system32\dxgi.dll
0x6c430000 - 0x6c521000 	C:\WINDOWS\system32\twinapi.appcore.dll
0x6cdd0000 - 0x6cdf0000 	C:\Program Files (x86)\Arduino\java\bin\sunec.dll
0x6d210000 - 0x6d219000 	C:\Program Files (x86)\Arduino\java\bin\sunmscapi.dll
0x70af0000 - 0x70b02000 	C:\WINDOWS\system32\napinsp.dll
0x70ad0000 - 0x70ae6000 	C:\WINDOWS\system32\pnrpnsp.dll
0x70ab0000 - 0x70ac4000 	C:\WINDOWS\system32\NLAapi.dll
0x70a20000 - 0x70a2c000 	C:\WINDOWS\System32\winrnr.dll
0x66450000 - 0x66595000 	C:\WINDOWS\SYSTEM32\dbghelp.dll

VM Arguments:
jvm_args: -Dsun.java2d.d3d=false -Djna.nosys=true -DAPP_DIR=C:\Program Files (x86)\Arduino -Xms128M -Xmx512M 
java_command: processing.app.Base C:\Users\Alexandru\Desktop\L298N\L298N.ino
java_class_path (initial): C:\Program Files (x86)\Arduino\lib\apple.jar;C:\Program Files (x86)\Arduino\lib\arduino-core.jar;C:\Program Files (x86)\Arduino\lib\batik-1.8.jar;C:\Program Files (x86)\Arduino\lib\batik-anim-1.8.jar;C:\Program Files (x86)\Arduino\lib\batik-awt-util-1.8.jar;C:\Program Files (x86)\Arduino\lib\batik-bridge-1.8.jar;C:\Program Files (x86)\Arduino\lib\batik-codec-1.8.jar;C:\Program Files (x86)\Arduino\lib\batik-css-1.8.jar;C:\Program Files (x86)\Arduino\lib\batik-dom-1.8.jar;C:\Program Files (x86)\Arduino\lib\batik-ext-1.8.jar;C:\Program Files (x86)\Arduino\lib\batik-gvt-1.8.jar;C:\Program Files (x86)\Arduino\lib\batik-parser-1.8.jar;C:\Program Files (x86)\Arduino\lib\batik-rasterizer-1.8.jar;C:\Program Files (x86)\Arduino\lib\batik-script-1.8.jar;C:\Program Files (x86)\Arduino\lib\batik-squiggle-1.8.jar;C:\Program Files (x86)\Arduino\lib\batik-svg-dom-1.8.jar;C:\Program Files (x86)\Arduino\lib\batik-svgpp-1.8.jar;C:\Program Files (x86)\Arduino\lib\batik-transcoder-1.8.jar;C:\Program Files (x86)\Arduino\lib\batik-util-1.8.jar;C:\Program Files (x86)\Arduino\lib\batik-xml-1.8.jar;C:\Program Files (x86)\Arduino\lib\bcpg-jdk15on-152.jar;C:\Program Files (x86)\Arduino\lib\bcprov-jdk15on-152.jar;C:\Program Files (x86)\Arduino\lib\commons-codec-1.7.jar;C:\Program Files (x86)\Arduino\lib\commons-compress-1.8.jar;C:\Program Files (x86)\Arduino\lib\commons-exec-1.1.jar;C:\Program Files (x86)\Arduino\lib\commons-httpclient-3.1.jar;C:\Program Files (x86)\Arduino\lib\commons-lang3-3.3.2.jar;C:\Program Files (x86)\Arduino\lib\commons-logging-1.0.4.jar;C:\Program Files (x86)\Arduino\lib\commons-net-3.3.jar;C:\Program Files (x86)\Arduino\lib\jackson-annotations-2.6.3.jar;C:\Program Files (x86)\Arduino\lib\jackson-core-2.6.3.jar;C:\Program Files (x86)\Arduino\lib\jackson-databind-2.6.3.jar;C:\Program Files (x86)\Arduino\lib\jackson-module-mrbean-2.6.3.jar;C:\Program Files (x86)\Arduino\lib\java-semver-0.8.0.jar;C:\Program Files (x86)\Arduino\lib\jmdns-3.4.1.j
Launcher Type: SUN_STANDARD

Environment Variables:
PATH=C:\Program Files\Haskell\bin;C:\Program Files\Haskell Platform\8.0.1\lib\extralibs\bin;C:\Program Files\Haskell Platform\8.0.1\bin;C:\ProgramData\Oracle\Java\javapath;C:\WINDOWS\system32;C:\WINDOWS;C:\WINDOWS\System32\Wbem;C:\WINDOWS\System32\WindowsPowerShell\v1.0\;C:\Program Files (x86)\NVIDIA Corporation\PhysX\Common;C:\Program Files\Microsoft SQL Server\120\Tools\Binn\;C:\Program Files\Microsoft SQL Server\130\Tools\Binn\;C:\Program Files (x86)\Windows Kits\8.1\Windows Performance Toolkit\;C:\Program Files\Microsoft\Web Platform Installer\;C:\Program Files\Haskell Platform\8.0.1\mingw\bin;C:\WINDOWS\system32;C:\WINDOWS;C:\WINDOWS\System32\Wbem;C:\WINDOWS\System32\WindowsPowerShell\v1.0\;C:\OpenCV-3.1.0\opencv\build\x64\vc14\bin;C:\Program Files\MATLAB\MATLAB Production Server\R2015a\runtime\win64;C:\Program Files\MATLAB\MATLAB Production Server\R2015a\bin;C:\Program Files\MATLAB\MATLAB Production Server\R2015a\polyspace\bin;C:\Program Files\dotnet\;C:\Program Files (x86)\Microsoft SQL Server\110\DTS\Binn\;C:\Program Files (x86)\Microsoft SQL Server\120\DTS\Binn\;C:\Program Files (x86)\Microsoft SQL Server\130\DTS\Binn\;C:\Program Files (x86)\Skype\Phone\;C:\Users\Alexandru\AppData\Roaming\cabal\bin;C:\Users\Alexandru\AppData\Roaming\local\bin;C:\Users\Alexandru\AppData\Local\Microsoft\WindowsApps;C:\Users\Alexandru\AppData\Local\atom\bin;C:\Program Files (x86)\Arduino\java\bin
USERNAME=Alexandru Rusu
OS=Windows_NT
PROCESSOR_IDENTIFIER=Intel64 Family 6 Model 60 Stepping 3, GenuineIntel



---------------  S Y S T E M  ---------------

OS: Windows 10.0 , 64 bit Build 14393 (10.0.14393.0)

CPU:total 8 (4 cores per cpu, 2 threads per core) family 6 model 60 stepping 3, cmov, cx8, fxsr, mmx, sse, sse2, sse3, ssse3, sse4.1, sse4.2, popcnt, avx, avx2, aes, clmul, erms, lzcnt, ht, tsc, tscinvbit, bmi1, bmi2

Memory: 4k page, physical 8106348k(3661820k free), swap 9417068k(4294108k free)

vm_info: Java HotSpot(TM) Client VM (25.92-b14) for windows-x86 JRE (1.8.0_92-b14), built on Mar 31 2016 21:09:21 by "java_re" with MS VC++ 10.0 (VS2010)

time: Sat Apr 22 02:09:40 2017
elapsed time: 73 seconds (0d 0h 1m 13s)

